  Clustering.cpp
C:\Users\Rui Mendes\Desktop\2Sem\SADE\GreenNet\Clustering.cpp(65,21): warning C4018: '<': signed/unsigned mismatch
C:\Users\Rui Mendes\Desktop\2Sem\SADE\GreenNet\Clustering.cpp(66,22): warning C4018: '<': signed/unsigned mismatch
C:\Users\Rui Mendes\Desktop\2Sem\SADE\GreenNet\Clustering.cpp(75,21): warning C4018: '<': signed/unsigned mismatch
C:\Users\Rui Mendes\Desktop\2Sem\SADE\GreenNet\Clustering.cpp(76,22): warning C4018: '<': signed/unsigned mismatch
C:\Users\Rui Mendes\Desktop\2Sem\SADE\GreenNet\Clustering.cpp(85,21): warning C4018: '<': signed/unsigned mismatch
C:\Users\Rui Mendes\Desktop\2Sem\SADE\GreenNet\Clustering.cpp(86,22): warning C4018: '<': signed/unsigned mismatch
C:\Users\Rui Mendes\Desktop\2Sem\SADE\GreenNet\Clustering.cpp(188,20): warning C4018: '<': signed/unsigned mismatch
C:\Users\Rui Mendes\Desktop\2Sem\SADE\GreenNet\Clustering.cpp(195,23): warning C4018: '<': signed/unsigned mismatch
C:\Users\Rui Mendes\Desktop\2Sem\SADE\GreenNet\Clustering.cpp(225,21): warning C4018: '<': signed/unsigned mismatch
C:\Users\Rui Mendes\Desktop\2Sem\SADE\GreenNet\Clustering.cpp(230,21): warning C4018: '<': signed/unsigned mismatch
C:\Users\Rui Mendes\Desktop\2Sem\SADE\GreenNet\Clustering.cpp(231,22): warning C4018: '<': signed/unsigned mismatch
C:\Users\Rui Mendes\Desktop\2Sem\SADE\GreenNet\Clustering.cpp(232,23): warning C4018: '<': signed/unsigned mismatch
C:\Users\Rui Mendes\Desktop\2Sem\SADE\GreenNet\Clustering.cpp(233,24): warning C4018: '<': signed/unsigned mismatch
C:\Users\Rui Mendes\Desktop\2Sem\SADE\GreenNet\Clustering.cpp(244,21): warning C4018: '<': signed/unsigned mismatch
C:\Users\Rui Mendes\Desktop\2Sem\SADE\GreenNet\Clustering.cpp(249,21): warning C4018: '<': signed/unsigned mismatch
C:\Users\Rui Mendes\Desktop\2Sem\SADE\GreenNet\Clustering.cpp(250,22): warning C4018: '<': signed/unsigned mismatch
C:\Users\Rui Mendes\Desktop\2Sem\SADE\GreenNet\Clustering.cpp(251,23): warning C4018: '<': signed/unsigned mismatch
C:\Users\Rui Mendes\Desktop\2Sem\SADE\GreenNet\Clustering.cpp(252,24): warning C4018: '<': signed/unsigned mismatch
C:\Users\Rui Mendes\Desktop\2Sem\SADE\GreenNet\Clustering.cpp(263,21): warning C4018: '<': signed/unsigned mismatch
C:\Users\Rui Mendes\Desktop\2Sem\SADE\GreenNet\Clustering.cpp(280,20): warning C4018: '<': signed/unsigned mismatch
C:\Users\Rui Mendes\Desktop\2Sem\SADE\GreenNet\Clustering.cpp(285,20): warning C4018: '<': signed/unsigned mismatch
C:\Users\Rui Mendes\Desktop\2Sem\SADE\GreenNet\Clustering.cpp(287,18): warning C4244: '=': conversion from 'long double' to 'int', possible loss of data
  Generating code
  1 of 532 functions ( 0.2%) were compiled, the rest were copied from previous compilation.
    0 functions were new in current compilation
    1 functions had inline decision re-evaluated but remain unchanged
  Finished generating code
  GreenNet.vcxproj -> C:\Users\Rui Mendes\Desktop\2Sem\SADE\GreenNet\Release\GreenNet.exe
